<?xml version="1.0" encoding="UTF-8"?>
<testng-results ignored="0" total="4" passed="3" failed="1" skipped="0">
  <reporter-output>
  </reporter-output>
  <suite started-at="2022-08-13T16:20:01 IST" name="Default suite" finished-at="2022-08-13T16:20:46 IST" duration-ms="44668">
    <groups>
    </groups>
    <test started-at="2022-08-13T16:20:01 IST" name="Default test" finished-at="2022-08-13T16:20:46 IST" duration-ms="44668">
      <class name="TestClasses.verifyCartIsEmptyBeforeAddingProducts">
        <test-method is-config="true" signature="openBrowser()[pri:0, instance:TestClasses.verifyCartIsEmptyBeforeAddingProducts@8f2ef19]" started-at="2022-08-13T16:20:01 IST" name="openBrowser" finished-at="2022-08-13T16:20:11 IST" duration-ms="9415" status="PASS">
          <reporter-output>
          </reporter-output>
        </test-method> <!-- openBrowser -->
        <test-method is-config="true" signature="beforeMethod()[pri:0, instance:TestClasses.verifyCartIsEmptyBeforeAddingProducts@8f2ef19]" started-at="2022-08-13T16:20:11 IST" name="beforeMethod" finished-at="2022-08-13T16:20:11 IST" duration-ms="99" status="PASS">
          <reporter-output>
          </reporter-output>
        </test-method> <!-- beforeMethod -->
        <test-method signature="verifyUserCanLogin()[pri:1, instance:TestClasses.verifyCartIsEmptyBeforeAddingProducts@8f2ef19]" started-at="2022-08-13T16:20:11 IST" name="verifyUserCanLogin" finished-at="2022-08-13T16:20:17 IST" duration-ms="5999" status="PASS">
          <reporter-output>
          </reporter-output>
        </test-method> <!-- verifyUserCanLogin -->
        <test-method is-config="true" signature="afterMethod()[pri:0, instance:TestClasses.verifyCartIsEmptyBeforeAddingProducts@8f2ef19]" started-at="2022-08-13T16:20:17 IST" name="afterMethod" finished-at="2022-08-13T16:20:21 IST" duration-ms="4059" status="PASS">
          <reporter-output>
          </reporter-output>
        </test-method> <!-- afterMethod -->
        <test-method is-config="true" signature="beforeMethod()[pri:0, instance:TestClasses.verifyCartIsEmptyBeforeAddingProducts@8f2ef19]" started-at="2022-08-13T16:20:21 IST" name="beforeMethod" finished-at="2022-08-13T16:20:21 IST" duration-ms="4" status="PASS">
          <reporter-output>
          </reporter-output>
        </test-method> <!-- beforeMethod -->
        <test-method signature="verifyUserCanChooseCatagory()[pri:2, instance:TestClasses.verifyCartIsEmptyBeforeAddingProducts@8f2ef19]" started-at="2022-08-13T16:20:21 IST" name="verifyUserCanChooseCatagory" finished-at="2022-08-13T16:20:26 IST" duration-ms="5125" status="PASS">
          <reporter-output>
          </reporter-output>
        </test-method> <!-- verifyUserCanChooseCatagory -->
        <test-method is-config="true" signature="afterMethod()[pri:0, instance:TestClasses.verifyCartIsEmptyBeforeAddingProducts@8f2ef19]" started-at="2022-08-13T16:20:26 IST" name="afterMethod" finished-at="2022-08-13T16:20:30 IST" duration-ms="4036" status="PASS">
          <reporter-output>
          </reporter-output>
        </test-method> <!-- afterMethod -->
        <test-method signature="verifyUserCanSeeProductDetailsWhileSelectProduct()[pri:3, instance:TestClasses.verifyCartIsEmptyBeforeAddingProducts@8f2ef19]" started-at="2022-08-13T16:20:30 IST" name="verifyUserCanSeeProductDetailsWhileSelectProduct" finished-at="2022-08-13T16:20:30 IST" duration-ms="105" status="FAIL">
          <exception class="org.openqa.selenium.NoSuchElementException">
            <message>
              <![CDATA[no such element: Unable to locate element: {"method":"xpath","selector":"(//img[@alt='Infinix Hot 12 Play - En'])[2]"}
  (Session info: chrome=104.0.5112.81)
For documentation on this error, please visit: https://selenium.dev/exceptions/#no_such_element
Build info: version: '4.2.0', revision: '86eb611648'
System info: host: 'DESKTOP-1G9P37M', ip: '192.168.43.67', os.name: 'Windows 11', os.arch: 'amd64', os.version: '10.0', java.version: '17.0.3'
Driver info: org.openqa.selenium.chrome.ChromeDriver
Command: [37758e18d8ba2717b1956c0b30cf14ab, findElement {using=xpath, value=(//img[@alt='Infinix Hot 12 Play - En'])[2]}]
Capabilities {acceptInsecureCerts: false, browserName: chrome, browserVersion: 104.0.5112.81, chrome: {chromedriverVersion: 103.0.5060.53 (a1711811edd7..., userDataDir: C:\Users\Admin\AppData\Loca...}, goog:chromeOptions: {debuggerAddress: localhost:50134}, javascriptEnabled: true, networkConnectionEnabled: false, pageLoadStrategy: normal, platform: WINDOWS, platformName: WINDOWS, proxy: Proxy(), se:cdp: ws://localhost:50134/devtoo..., se:cdpVersion: 104.0.5112.81, setWindowRect: true, strictFileInteractability: false, timeouts: {implicit: 0, pageLoad: 300000, script: 30000}, unhandledPromptBehavior: dismiss and notify, webauthn:extension:credBlob: true, webauthn:extension:largeBlob: true, webauthn:virtualAuthenticators: true}
Session ID: 37758e18d8ba2717b1956c0b30cf14ab]]>
            </message>
            <full-stacktrace>
              <![CDATA[org.openqa.selenium.NoSuchElementException: no such element: Unable to locate element: {"method":"xpath","selector":"(//img[@alt='Infinix Hot 12 Play - En'])[2]"}
  (Session info: chrome=104.0.5112.81)
For documentation on this error, please visit: https://selenium.dev/exceptions/#no_such_element
Build info: version: '4.2.0', revision: '86eb611648'
System info: host: 'DESKTOP-1G9P37M', ip: '192.168.43.67', os.name: 'Windows 11', os.arch: 'amd64', os.version: '10.0', java.version: '17.0.3'
Driver info: org.openqa.selenium.chrome.ChromeDriver
Command: [37758e18d8ba2717b1956c0b30cf14ab, findElement {using=xpath, value=(//img[@alt='Infinix Hot 12 Play - En'])[2]}]
Capabilities {acceptInsecureCerts: false, browserName: chrome, browserVersion: 104.0.5112.81, chrome: {chromedriverVersion: 103.0.5060.53 (a1711811edd7..., userDataDir: C:\Users\Admin\AppData\Loca...}, goog:chromeOptions: {debuggerAddress: localhost:50134}, javascriptEnabled: true, networkConnectionEnabled: false, pageLoadStrategy: normal, platform: WINDOWS, platformName: WINDOWS, proxy: Proxy(), se:cdp: ws://localhost:50134/devtoo..., se:cdpVersion: 104.0.5112.81, setWindowRect: true, strictFileInteractability: false, timeouts: {implicit: 0, pageLoad: 300000, script: 30000}, unhandledPromptBehavior: dismiss and notify, webauthn:extension:credBlob: true, webauthn:extension:largeBlob: true, webauthn:virtualAuthenticators: true}
Session ID: 37758e18d8ba2717b1956c0b30cf14ab
at java.base/jdk.internal.reflect.NativeConstructorAccessorImpl.newInstance0(Native Method)
at java.base/jdk.internal.reflect.NativeConstructorAccessorImpl.newInstance(NativeConstructorAccessorImpl.java:77)
at java.base/jdk.internal.reflect.DelegatingConstructorAccessorImpl.newInstance(DelegatingConstructorAccessorImpl.java:45)
at java.base/java.lang.reflect.Constructor.newInstanceWithCaller(Constructor.java:499)
at java.base/java.lang.reflect.Constructor.newInstance(Constructor.java:480)
at org.openqa.selenium.remote.codec.w3c.W3CHttpResponseCodec.createException(W3CHttpResponseCodec.java:200)
at org.openqa.selenium.remote.codec.w3c.W3CHttpResponseCodec.decode(W3CHttpResponseCodec.java:133)
at org.openqa.selenium.remote.codec.w3c.W3CHttpResponseCodec.decode(W3CHttpResponseCodec.java:53)
at org.openqa.selenium.remote.HttpCommandExecutor.execute(HttpCommandExecutor.java:184)
at org.openqa.selenium.remote.service.DriverCommandExecutor.invokeExecute(DriverCommandExecutor.java:167)
at org.openqa.selenium.remote.service.DriverCommandExecutor.execute(DriverCommandExecutor.java:142)
at org.openqa.selenium.remote.RemoteWebDriver.execute(RemoteWebDriver.java:566)
at org.openqa.selenium.remote.ElementLocation$ElementFinder$2.findElement(ElementLocation.java:162)
at org.openqa.selenium.remote.ElementLocation.findElement(ElementLocation.java:60)
at org.openqa.selenium.remote.RemoteWebDriver.findElement(RemoteWebDriver.java:384)
at org.openqa.selenium.remote.RemoteWebDriver.findElement(RemoteWebDriver.java:376)
at org.openqa.selenium.support.pagefactory.DefaultElementLocator.findElement(DefaultElementLocator.java:70)
at org.openqa.selenium.support.pagefactory.internal.LocatingElementHandler.invoke(LocatingElementHandler.java:39)
at jdk.proxy2/jdk.proxy2.$Proxy18.click(Unknown Source)
at PomClasses.Banner_Page.clickOnProductBanner(Banner_Page.java:30)
at TestClasses.verifyCartIsEmptyBeforeAddingProducts.verifyUserCanSeeProductDetailsWhileSelectProduct(verifyCartIsEmptyBeforeAddingProducts.java:74)
at java.base/jdk.internal.reflect.NativeMethodAccessorImpl.invoke0(Native Method)
at java.base/jdk.internal.reflect.NativeMethodAccessorImpl.invoke(NativeMethodAccessorImpl.java:77)
at java.base/jdk.internal.reflect.DelegatingMethodAccessorImpl.invoke(DelegatingMethodAccessorImpl.java:43)
at java.base/java.lang.reflect.Method.invoke(Method.java:568)
at org.testng.internal.invokers.MethodInvocationHelper.invokeMethod(MethodInvocationHelper.java:139)
at org.testng.internal.invokers.TestInvoker.invokeMethod(TestInvoker.java:677)
at org.testng.internal.invokers.TestInvoker.invokeTestMethod(TestInvoker.java:221)
at org.testng.internal.invokers.MethodRunner.runInSequence(MethodRunner.java:50)
at org.testng.internal.invokers.TestInvoker$MethodInvocationAgent.invoke(TestInvoker.java:962)
at org.testng.internal.invokers.TestInvoker.invokeTestMethods(TestInvoker.java:194)
at org.testng.internal.invokers.TestMethodWorker.invokeTestMethods(TestMethodWorker.java:148)
at org.testng.internal.invokers.TestMethodWorker.run(TestMethodWorker.java:128)
at java.base/java.util.ArrayList.forEach(ArrayList.java:1511)
at org.testng.TestRunner.privateRun(TestRunner.java:806)
at org.testng.TestRunner.run(TestRunner.java:601)
at org.testng.SuiteRunner.runTest(SuiteRunner.java:433)
at org.testng.SuiteRunner.runSequentially(SuiteRunner.java:427)
at org.testng.SuiteRunner.privateRun(SuiteRunner.java:387)
at org.testng.SuiteRunner.run(SuiteRunner.java:330)
at org.testng.SuiteRunnerWorker.runSuite(SuiteRunnerWorker.java:52)
at org.testng.SuiteRunnerWorker.run(SuiteRunnerWorker.java:95)
at org.testng.TestNG.runSuitesSequentially(TestNG.java:1256)
at org.testng.TestNG.runSuitesLocally(TestNG.java:1176)
at org.testng.TestNG.runSuites(TestNG.java:1099)
at org.testng.TestNG.run(TestNG.java:1067)
at org.testng.remote.AbstractRemoteTestNG.run(AbstractRemoteTestNG.java:115)
at org.testng.remote.RemoteTestNG.initAndRun(RemoteTestNG.java:251)
at org.testng.remote.RemoteTestNG.main(RemoteTestNG.java:77)
]]>
            </full-stacktrace>
          </exception> <!-- org.openqa.selenium.NoSuchElementException -->
          <reporter-output>
          </reporter-output>
        </test-method> <!-- verifyUserCanSeeProductDetailsWhileSelectProduct -->
        <test-method is-config="true" signature="beforeMethod()[pri:0, instance:TestClasses.verifyCartIsEmptyBeforeAddingProducts@8f2ef19]" started-at="2022-08-13T16:20:30 IST" name="beforeMethod" finished-at="2022-08-13T16:20:30 IST" duration-ms="0" status="PASS">
          <reporter-output>
          </reporter-output>
        </test-method> <!-- beforeMethod -->
        <test-method is-config="true" signature="afterMethod()[pri:0, instance:TestClasses.verifyCartIsEmptyBeforeAddingProducts@8f2ef19]" started-at="2022-08-13T16:20:30 IST" name="afterMethod" finished-at="2022-08-13T16:20:34 IST" duration-ms="4032" status="PASS">
          <reporter-output>
          </reporter-output>
        </test-method> <!-- afterMethod -->
        <test-method is-config="true" signature="beforeMethod()[pri:0, instance:TestClasses.verifyCartIsEmptyBeforeAddingProducts@8f2ef19]" started-at="2022-08-13T16:20:34 IST" name="beforeMethod" finished-at="2022-08-13T16:20:34 IST" duration-ms="1" status="PASS">
          <reporter-output>
          </reporter-output>
        </test-method> <!-- beforeMethod -->
        <test-method signature="verifyCartIsEmptyBeforeAddingProducts()[pri:4, instance:TestClasses.verifyCartIsEmptyBeforeAddingProducts@8f2ef19]" started-at="2022-08-13T16:20:34 IST" name="verifyCartIsEmptyBeforeAddingProducts" finished-at="2022-08-13T16:20:41 IST" duration-ms="7189" status="PASS">
          <reporter-output>
          </reporter-output>
        </test-method> <!-- verifyCartIsEmptyBeforeAddingProducts -->
        <test-method is-config="true" signature="afterMethod()[pri:0, instance:TestClasses.verifyCartIsEmptyBeforeAddingProducts@8f2ef19]" started-at="2022-08-13T16:20:41 IST" name="afterMethod" finished-at="2022-08-13T16:20:45 IST" duration-ms="4041" status="PASS">
          <reporter-output>
          </reporter-output>
        </test-method> <!-- afterMethod -->
        <test-method is-config="true" signature="afterClass()[pri:0, instance:TestClasses.verifyCartIsEmptyBeforeAddingProducts@8f2ef19]" started-at="2022-08-13T16:20:45 IST" name="afterClass" finished-at="2022-08-13T16:20:46 IST" duration-ms="441" status="PASS">
          <reporter-output>
          </reporter-output>
        </test-method> <!-- afterClass -->
      </class> <!-- TestClasses.verifyCartIsEmptyBeforeAddingProducts -->
    </test> <!-- Default test -->
  </suite> <!-- Default suite -->
</testng-results>
